<?xml version="1.0" encoding="UTF-8"?>
<!-- Generated by org.testng.reporters.JUnitReportReporter -->
<testsuite skipped="0" hostname="ip-172-31-27-255" name="testcases.SwablabsLoginTest" tests="1" failures="0" timestamp="2022-09-12T11:56:05 UTC" time="1.722" errors="0">
  <testcase name="Test1" time="1.722" classname="testcases.SwablabsLoginTest"/>
  <system-out/>
</testsuite> <!-- testcases.SwablabsLoginTest -->
